c:\users\aliss\source\repos\conceptsofprogramminglanguagesproject\conceptsofprogramminglanguagesproject\debug\conceptsofprogramminglanguagesproject.pch
c:\users\aliss\source\repos\conceptsofprogramminglanguagesproject\conceptsofprogramminglanguagesproject\debug\vc141.pdb
c:\users\aliss\source\repos\conceptsofprogramminglanguagesproject\conceptsofprogramminglanguagesproject\debug\vc141.idb
c:\users\aliss\source\repos\conceptsofprogramminglanguagesproject\conceptsofprogramminglanguagesproject\debug\pch.obj
c:\users\aliss\source\repos\conceptsofprogramminglanguagesproject\conceptsofprogramminglanguagesproject\debug\scanner.obj
c:\users\aliss\source\repos\conceptsofprogramminglanguagesproject\conceptsofprogramminglanguagesproject\debug\parser.obj
c:\users\aliss\source\repos\conceptsofprogramminglanguagesproject\conceptsofprogramminglanguagesproject\debug\conceptsofprogramminglanguagesproject.obj
c:\users\aliss\source\repos\conceptsofprogramminglanguagesproject\debug\conceptsofprogramminglanguagesproject.exe
c:\users\aliss\source\repos\conceptsofprogramminglanguagesproject\debug\conceptsofprogramminglanguagesproject.ilk
c:\users\aliss\source\repos\conceptsofprogramminglanguagesproject\debug\conceptsofprogramminglanguagesproject.pdb
c:\users\aliss\source\repos\conceptsofprogramminglanguagesproject\conceptsofprogramminglanguagesproject\debug\concepts.2ef3fc79.tlog\cl.command.1.tlog
c:\users\aliss\source\repos\conceptsofprogramminglanguagesproject\conceptsofprogramminglanguagesproject\debug\concepts.2ef3fc79.tlog\cl.read.1.tlog
c:\users\aliss\source\repos\conceptsofprogramminglanguagesproject\conceptsofprogramminglanguagesproject\debug\concepts.2ef3fc79.tlog\cl.write.1.tlog
c:\users\aliss\source\repos\conceptsofprogramminglanguagesproject\conceptsofprogramminglanguagesproject\debug\concepts.2ef3fc79.tlog\link-cvtres.read.1.tlog
c:\users\aliss\source\repos\conceptsofprogramminglanguagesproject\conceptsofprogramminglanguagesproject\debug\concepts.2ef3fc79.tlog\link-cvtres.write.1.tlog
c:\users\aliss\source\repos\conceptsofprogramminglanguagesproject\conceptsofprogramminglanguagesproject\debug\concepts.2ef3fc79.tlog\link-rc.read.1.tlog
c:\users\aliss\source\repos\conceptsofprogramminglanguagesproject\conceptsofprogramminglanguagesproject\debug\concepts.2ef3fc79.tlog\link-rc.write.1.tlog
c:\users\aliss\source\repos\conceptsofprogramminglanguagesproject\conceptsofprogramminglanguagesproject\debug\concepts.2ef3fc79.tlog\link.9696-cvtres.read.1.tlog
c:\users\aliss\source\repos\conceptsofprogramminglanguagesproject\conceptsofprogramminglanguagesproject\debug\concepts.2ef3fc79.tlog\link.9696-cvtres.write.1.tlog
c:\users\aliss\source\repos\conceptsofprogramminglanguagesproject\conceptsofprogramminglanguagesproject\debug\concepts.2ef3fc79.tlog\link.9696-rc.read.1.tlog
c:\users\aliss\source\repos\conceptsofprogramminglanguagesproject\conceptsofprogramminglanguagesproject\debug\concepts.2ef3fc79.tlog\link.9696-rc.write.1.tlog
c:\users\aliss\source\repos\conceptsofprogramminglanguagesproject\conceptsofprogramminglanguagesproject\debug\concepts.2ef3fc79.tlog\link.9696.read.1.tlog
c:\users\aliss\source\repos\conceptsofprogramminglanguagesproject\conceptsofprogramminglanguagesproject\debug\concepts.2ef3fc79.tlog\link.9696.write.1.tlog
c:\users\aliss\source\repos\conceptsofprogramminglanguagesproject\conceptsofprogramminglanguagesproject\debug\concepts.2ef3fc79.tlog\link.command.1.tlog
c:\users\aliss\source\repos\conceptsofprogramminglanguagesproject\conceptsofprogramminglanguagesproject\debug\concepts.2ef3fc79.tlog\link.read.1.tlog
c:\users\aliss\source\repos\conceptsofprogramminglanguagesproject\conceptsofprogramminglanguagesproject\debug\concepts.2ef3fc79.tlog\link.write.1.tlog
